device count: 1
device : cuda:0
==============================
torchio subject list created
transform completed
dataloader completed
size of dataloader : 2178
==============================
initial sampling time : 5.9
Erroor: Keyboard Interrupt
device count: 1
device : cuda:0
==============================
torchio subject list created
transform completed
dataloader completed
size of dataloader : 2178
==============================
initial sampling time : 7.2
Erroor: Keyboard Interrupt
device count: 1
device : cuda:0
==============================
torchio subject list created
transform completed
dataloader completed
size of dataloader : 2178
==============================
initial sampling time : 6.1
Iteration 10 / 100 | loss 0.4605 | time elapsed 10.4 sec
Iteration 20 / 100 | loss 0.1285 | time elapsed 15.7 sec
Iteration 30 / 100 | loss 0.0869 | time elapsed 21.0 sec
Iteration 40 / 100 | loss 0.0687 | time elapsed 27.2 sec
Iteration 50 / 100 | loss 0.0825 | time elapsed 32.8 sec
Iteration 60 / 100 | loss 0.0648 | time elapsed 38.0 sec
Iteration 70 / 100 | loss 0.0590 | time elapsed 44.7 sec
Erroor: Keyboard Interrupt
